c:\users\alex\desktop\oop\ass5-6\ass05-06\ass05-06\x64\debug\vc141.pdb
c:\users\alex\desktop\oop\ass5-6\ass05-06\ass05-06\x64\debug\vc141.idb
c:\users\alex\desktop\oop\ass5-6\ass05-06\ass05-06\x64\debug\ui.nativecodeanalysis.xml
c:\users\alex\desktop\oop\ass5-6\ass05-06\ass05-06\x64\debug\main.nativecodeanalysis.xml
c:\users\alex\desktop\oop\ass5-6\ass05-06\ass05-06\x64\debug\htmlrepository.nativecodeanalysis.xml
c:\users\alex\desktop\oop\ass5-6\ass05-06\ass05-06\x64\debug\filerepository.nativecodeanalysis.xml
c:\users\alex\desktop\oop\ass5-6\ass05-06\ass05-06\x64\debug\dynamicarray.nativecodeanalysis.xml
c:\users\alex\desktop\oop\ass5-6\ass05-06\ass05-06\x64\debug\csvrepo.nativecodeanalysis.xml
c:\users\alex\desktop\oop\ass5-6\ass05-06\ass05-06\x64\debug\controller.nativecodeanalysis.xml
c:\users\alex\desktop\oop\ass5-6\ass05-06\ass05-06\x64\debug\controller.obj
c:\users\alex\desktop\oop\ass5-6\ass05-06\ass05-06\x64\debug\csvrepo.obj
c:\users\alex\desktop\oop\ass5-6\ass05-06\ass05-06\x64\debug\dynamicarray.obj
c:\users\alex\desktop\oop\ass5-6\ass05-06\ass05-06\x64\debug\filerepository.obj
c:\users\alex\desktop\oop\ass5-6\ass05-06\ass05-06\x64\debug\htmlrepository.obj
c:\users\alex\desktop\oop\ass5-6\ass05-06\ass05-06\x64\debug\main.obj
c:\users\alex\desktop\oop\ass5-6\ass05-06\ass05-06\x64\debug\ui.obj
c:\users\alex\desktop\oop\ass5-6\ass05-06\ass05-06\x64\debug\cat.nativecodeanalysis.xml
c:\users\alex\desktop\oop\ass5-6\ass05-06\ass05-06\x64\debug\cat.obj
c:\users\alex\desktop\oop\ass5-6\ass05-06\ass05-06\x64\debug\adoptionlist.nativecodeanalysis.xml
c:\users\alex\desktop\oop\ass5-6\ass05-06\ass05-06\x64\debug\adoptionlist.obj
c:\users\alex\desktop\oop\ass5-6\ass05-06\ass05-06\x64\debug\repo.nativecodeanalysis.xml
c:\users\alex\desktop\oop\ass5-6\ass05-06\ass05-06\x64\debug\repo.obj
c:\users\alex\desktop\oop\ass5-6\ass05-06\x64\debug\ass05-06.exe
c:\users\alex\desktop\oop\ass5-6\ass05-06\x64\debug\ass05-06.ilk
c:\users\alex\desktop\oop\ass5-6\ass05-06\x64\debug\ass05-06.pdb
c:\users\alex\desktop\oop\ass5-6\ass05-06\ass05-06\x64\debug\nativecodeanalysis.read.1.tlog
c:\users\alex\desktop\oop\ass5-6\ass05-06\ass05-06\x64\debug\vc.nativecodeanalysis.all.xml
c:\users\alex\desktop\oop\ass5-6\ass05-06\x64\debug\ass05-06.exe.lastcodeanalysissucceeded
c:\users\alex\desktop\oop\ass5-6\ass05-06\ass05-06\x64\debug\ass05-06.tlog\cl.command.1.tlog
c:\users\alex\desktop\oop\ass5-6\ass05-06\ass05-06\x64\debug\ass05-06.tlog\cl.read.1.tlog
c:\users\alex\desktop\oop\ass5-6\ass05-06\ass05-06\x64\debug\ass05-06.tlog\cl.write.1.tlog
c:\users\alex\desktop\oop\ass5-6\ass05-06\ass05-06\x64\debug\ass05-06.tlog\link.command.1.tlog
c:\users\alex\desktop\oop\ass5-6\ass05-06\ass05-06\x64\debug\ass05-06.tlog\link.read.1.tlog
c:\users\alex\desktop\oop\ass5-6\ass05-06\ass05-06\x64\debug\ass05-06.tlog\link.write.1.tlog
