PIF 

START : -1
n : 110
( : -1
int : -1
) : -1
. : -1
read : -1
n : 110
. : -1
isPrime : 89
( : -1
bool : -1
) : -1
. : -1
isPrime : 89
= : -1
true : -1
. : -1
if : -1
: : -1
n : 110
<= : -1
1 : 49
[ : 91
isPrime : 89
= : -1
false : -1
] : -1
. : -1
i : 105
( : -1
int : -1
) : -1
. : -1
i : 105
= : -1
2 : 50
. : -1
loop : -1
if : -1
: : -1
i : 105
< : -1
n : 110
if : 79
: : -1
n : 110
% : -1
i : 105
== : -1
0 : 48
[ : -1
isPrime : 89
= : -1
false : -1
] : -1
. : -1
finish : -1
. : -1
if : -1
: : -1
isPrime : 89
= : -1
true : -1
[ : -1
write : -1
true : -1
] : -1
. : -1
else : -1
[ : -1
write : -1
false : -1
] : -1
. : -1
END : -1
